[0m19:56:11.342574 [debug] [MainThread]: Sending event: {'category': 'dbt', 'action': 'invocation', 'label': 'start', 'context': [<snowplow_tracker.self_describing_json.SelfDescribingJson object at 0x1056ff8c0>, <snowplow_tracker.self_describing_json.SelfDescribingJson object at 0x107af7d90>, <snowplow_tracker.self_describing_json.SelfDescribingJson object at 0x107af7ed0>]}


============================== 19:56:11.345653 | 9d5582d5-8166-42ea-b1f2-926ef8e0feef ==============================
[0m19:56:11.345653 [info ] [MainThread]: Running with dbt=1.10.7
[0m19:56:11.345997 [debug] [MainThread]: running dbt with arguments {'printer_width': '80', 'indirect_selection': 'eager', 'write_json': 'True', 'log_cache_events': 'False', 'partial_parse': 'True', 'cache_selected_only': 'False', 'warn_error': 'None', 'debug': 'False', 'version_check': 'True', 'log_path': 'logs', 'profiles_dir': '/Users/saireddy/.dbt', 'fail_fast': 'False', 'use_colors': 'True', 'use_experimental_parser': 'False', 'no_print': 'None', 'quiet': 'False', 'empty': 'None', 'log_format': 'default', 'invocation_command': 'dbt init ai_data_vault', 'introspect': 'True', 'static_parser': 'True', 'target_path': 'None', 'warn_error_options': 'WarnErrorOptionsV2(error=[], warn=[], silence=[])', 'send_anonymous_usage_stats': 'True'}
[0m19:56:11.357874 [info ] [MainThread]: Creating dbt configuration folder at /Users/saireddy/.dbt
[0m19:56:11.358970 [debug] [MainThread]: Starter project path: /Users/saireddy/Desktop/AI-Powered Automated Data Pipeline /venv/lib/python3.13/site-packages/dbt/include/starter_project
[0m19:56:11.362877 [info ] [MainThread]: 
Your new dbt project "ai_data_vault" was created!

For more information on how to configure the profiles.yml file,
please consult the dbt documentation here:

  https://docs.getdbt.com/docs/configure-your-profile

One more thing:

Need help? Don't hesitate to reach out to us via GitHub issues or on Slack:

  https://community.getdbt.com/

Happy modeling!

[0m19:56:11.363150 [info ] [MainThread]: Setting up your profile.
[0m19:59:54.958578 [info ] [MainThread]: Profile ai_data_vault written to /Users/saireddy/.dbt/profiles.yml using target's profile_template.yml and your supplied values. Run 'dbt debug' to validate the connection.
[0m19:59:55.151235 [debug] [MainThread]: Resource report: {"command_name": "init", "command_success": true, "command_wall_clock_time": 223.85599, "process_in_blocks": "0", "process_kernel_time": 0.202482, "process_mem_max_rss": "102580224", "process_out_blocks": "0", "process_user_time": 0.840204}
[0m19:59:55.154780 [debug] [MainThread]: Command `dbt init` succeeded at 19:59:55.154639 after 223.86 seconds
[0m19:59:55.155740 [debug] [MainThread]: Sending event: {'category': 'dbt', 'action': 'invocation', 'label': 'end', 'context': [<snowplow_tracker.self_describing_json.SelfDescribingJson object at 0x107bbafd0>, <snowplow_tracker.self_describing_json.SelfDescribingJson object at 0x1072e9370>, <snowplow_tracker.self_describing_json.SelfDescribingJson object at 0x107c045a0>]}
[0m19:59:55.156622 [debug] [MainThread]: Flushing usage events
[0m19:59:55.504504 [debug] [MainThread]: An error was encountered while trying to flush usage events
